<?xml version="1.0" encoding="UTF-8"?>
<testng-results skipped="0" failed="0" ignored="0" total="2" passed="2">
  <reporter-output>
  </reporter-output>
  <suite name="Default suite" duration-ms="20669" started-at="2020-06-10T22:09:31Z" finished-at="2020-06-10T22:09:51Z">
    <groups>
    </groups>
    <test name="Default test" duration-ms="20669" started-at="2020-06-10T22:09:31Z" finished-at="2020-06-10T22:09:51Z">
      <class name="com.crm.qa.testcases.LoginPageTest">
        <test-method status="PASS" signature="setUp()[pri:0, instance:com.crm.qa.testcases.LoginPageTest@ec756bd]" name="setUp" is-config="true" duration-ms="8768" started-at="2020-06-10T22:09:31Z" finished-at="2020-06-10T22:09:40Z">
          <reporter-output>
          </reporter-output>
        </test-method> <!-- setUp -->
        <test-method status="PASS" signature="loginTest()[pri:1, instance:com.crm.qa.testcases.LoginPageTest@ec756bd]" name="loginTest" duration-ms="4458" started-at="2020-06-10T22:09:40Z" finished-at="2020-06-10T22:09:44Z">
          <reporter-output>
          </reporter-output>
        </test-method> <!-- loginTest -->
        <test-method status="PASS" signature="tearDown()[pri:0, instance:com.crm.qa.testcases.LoginPageTest@ec756bd]" name="tearDown" is-config="true" duration-ms="1" started-at="2020-06-10T22:09:44Z" finished-at="2020-06-10T22:09:44Z">
          <reporter-output>
          </reporter-output>
        </test-method> <!-- tearDown -->
        <test-method status="PASS" signature="setUp()[pri:0, instance:com.crm.qa.testcases.LoginPageTest@ec756bd]" name="setUp" is-config="true" duration-ms="7388" started-at="2020-06-10T22:09:44Z" finished-at="2020-06-10T22:09:51Z">
          <reporter-output>
          </reporter-output>
        </test-method> <!-- setUp -->
        <test-method status="PASS" signature="loginPageTitleTest()[pri:2, instance:com.crm.qa.testcases.LoginPageTest@ec756bd]" name="loginPageTitleTest" duration-ms="29" started-at="2020-06-10T22:09:51Z" finished-at="2020-06-10T22:09:51Z">
          <reporter-output>
          </reporter-output>
        </test-method> <!-- loginPageTitleTest -->
        <test-method status="PASS" signature="tearDown()[pri:0, instance:com.crm.qa.testcases.LoginPageTest@ec756bd]" name="tearDown" is-config="true" duration-ms="0" started-at="2020-06-10T22:09:51Z" finished-at="2020-06-10T22:09:51Z">
          <reporter-output>
          </reporter-output>
        </test-method> <!-- tearDown -->
      </class> <!-- com.crm.qa.testcases.LoginPageTest -->
    </test> <!-- Default test -->
  </suite> <!-- Default suite -->
</testng-results>
